Determining if the pthread_create exist failed with the following output:
Change Dir: /home/dkulpa/ToolBox/CLionProjects/dkulpaclibs/dkulpamisc/cmake-build-debug/CMakeFiles/CMakeTmp

Run Build Command:"/usr/bin/make" "cmTC_f17c6/fast"
/usr/bin/make -f CMakeFiles/cmTC_f17c6.dir/build.make CMakeFiles/cmTC_f17c6.dir/build
make[1]: Wejście do katalogu '/home/dkulpa/ToolBox/CLionProjects/dkulpaclibs/dkulpamisc/cmake-build-debug/CMakeFiles/CMakeTmp'
Building C object CMakeFiles/cmTC_f17c6.dir/CheckSymbolExists.c.o
/usr/bin/cc    -o CMakeFiles/cmTC_f17c6.dir/CheckSymbolExists.c.o   -c /home/dkulpa/ToolBox/CLionProjects/dkulpaclibs/dkulpamisc/cmake-build-debug/CMakeFiles/CMakeTmp/CheckSymbolExists.c
Linking C executable cmTC_f17c6
/home/dkulpa/ToolBox/CLion/bin/cmake/linux/bin/cmake -E cmake_link_script CMakeFiles/cmTC_f17c6.dir/link.txt --verbose=1
/usr/bin/cc      CMakeFiles/cmTC_f17c6.dir/CheckSymbolExists.c.o  -o cmTC_f17c6 
CMakeFiles/cmTC_f17c6.dir/CheckSymbolExists.c.o: In function `main':
CheckSymbolExists.c:(.text+0x1b): undefined reference to `pthread_create'
collect2: error: ld returned 1 exit status
CMakeFiles/cmTC_f17c6.dir/build.make:86: polecenia dla obiektu 'cmTC_f17c6' nie powiodły się
make[1]: *** [cmTC_f17c6] Błąd 1
make[1]: Opuszczenie katalogu '/home/dkulpa/ToolBox/CLionProjects/dkulpaclibs/dkulpamisc/cmake-build-debug/CMakeFiles/CMakeTmp'
Makefile:121: polecenia dla obiektu 'cmTC_f17c6/fast' nie powiodły się
make: *** [cmTC_f17c6/fast] Błąd 2

File /home/dkulpa/ToolBox/CLionProjects/dkulpaclibs/dkulpamisc/cmake-build-debug/CMakeFiles/CMakeTmp/CheckSymbolExists.c:
/* */
#include <pthread.h>

int main(int argc, char** argv)
{
  (void)argv;
#ifndef pthread_create
  return ((int*)(&pthread_create))[argc];
#else
  (void)argc;
  return 0;
#endif
}

Determining if the function pthread_create exists in the pthreads failed with the following output:
Change Dir: /home/dkulpa/ToolBox/CLionProjects/dkulpaclibs/dkulpamisc/cmake-build-debug/CMakeFiles/CMakeTmp

Run Build Command:"/usr/bin/make" "cmTC_54f57/fast"
/usr/bin/make -f CMakeFiles/cmTC_54f57.dir/build.make CMakeFiles/cmTC_54f57.dir/build
make[1]: Wejście do katalogu '/home/dkulpa/ToolBox/CLionProjects/dkulpaclibs/dkulpamisc/cmake-build-debug/CMakeFiles/CMakeTmp'
Building C object CMakeFiles/cmTC_54f57.dir/CheckFunctionExists.c.o
/usr/bin/cc   -DCHECK_FUNCTION_EXISTS=pthread_create   -o CMakeFiles/cmTC_54f57.dir/CheckFunctionExists.c.o   -c /home/dkulpa/ToolBox/CLion/bin/cmake/linux/share/cmake-3.13/Modules/CheckFunctionExists.c
Linking C executable cmTC_54f57
/home/dkulpa/ToolBox/CLion/bin/cmake/linux/bin/cmake -E cmake_link_script CMakeFiles/cmTC_54f57.dir/link.txt --verbose=1
/usr/bin/cc  -DCHECK_FUNCTION_EXISTS=pthread_create    CMakeFiles/cmTC_54f57.dir/CheckFunctionExists.c.o  -o cmTC_54f57 -lpthreads 
/usr/bin/ld: cannot find -lpthreads
collect2: error: ld returned 1 exit status
CMakeFiles/cmTC_54f57.dir/build.make:86: polecenia dla obiektu 'cmTC_54f57' nie powiodły się
make[1]: *** [cmTC_54f57] Błąd 1
make[1]: Opuszczenie katalogu '/home/dkulpa/ToolBox/CLionProjects/dkulpaclibs/dkulpamisc/cmake-build-debug/CMakeFiles/CMakeTmp'
Makefile:121: polecenia dla obiektu 'cmTC_54f57/fast' nie powiodły się
make: *** [cmTC_54f57/fast] Błąd 2


